<?xml version="1.0" encoding="UTF-8"?>
<testsuite xmlns:xsi="http://www.w3.org/2001/XMLSchema-instance" xsi:noNamespaceSchemaLocation="https://maven.apache.org/surefire/maven-surefire-plugin/xsd/surefire-test-report-3.0.xsd" version="3.0" name="service.PizzaServiceTest" time="1.602" tests="2" errors="0" skipped="0" failures="2">
    <properties>
        <property name="java.specification.version" value="23"/>
        <property name="sun.jnu.encoding" value="UTF-8"/>
        <property name="java.class.path" value="/Users/shubhijain/NetBeansProjects/db/PizzaShop/target/test-classes:/Users/shubhijain/NetBeansProjects/db/PizzaShop/target/classes:/Users/shubhijain/.m2/repository/org/junit/jupiter/junit-jupiter-api/5.10.3/junit-jupiter-api-5.10.3.jar:/Users/shubhijain/.m2/repository/org/opentest4j/opentest4j/1.3.0/opentest4j-1.3.0.jar:/Users/shubhijain/.m2/repository/org/junit/platform/junit-platform-commons/1.10.3/junit-platform-commons-1.10.3.jar:/Users/shubhijain/.m2/repository/org/apiguardian/apiguardian-api/1.1.2/apiguardian-api-1.1.2.jar:/Users/shubhijain/.m2/repository/org/junit/jupiter/junit-jupiter-engine/5.10.3/junit-jupiter-engine-5.10.3.jar:/Users/shubhijain/.m2/repository/org/junit/platform/junit-platform-engine/1.10.3/junit-platform-engine-1.10.3.jar:/Users/shubhijain/.m2/repository/org/junit/jupiter/junit-jupiter-params/5.10.3/junit-jupiter-params-5.10.3.jar:/Users/shubhijain/.m2/repository/mysql/mysql-connector-java/9.2.0/mysql-connector-java-9.2.0.jar:/Users/shubhijain/.m2/repository/org/mockito/mockito-core/2.2.5/mockito-core-2.2.5.jar:/Users/shubhijain/.m2/repository/net/bytebuddy/byte-buddy/1.4.33/byte-buddy-1.4.33.jar:/Users/shubhijain/.m2/repository/net/bytebuddy/byte-buddy-agent/1.4.33/byte-buddy-agent-1.4.33.jar:/Users/shubhijain/.m2/repository/org/objenesis/objenesis/2.4/objenesis-2.4.jar:/Users/shubhijain/.m2/repository/com/h2database/h2/2.2.224/h2-2.2.224.jar:"/>
        <property name="java.vm.vendor" value="Azul Systems, Inc."/>
        <property name="sun.arch.data.model" value="64"/>
        <property name="java.vendor.url" value="http://www.azul.com/"/>
        <property name="user.timezone" value="America/Los_Angeles"/>
        <property name="os.name" value="Mac OS X"/>
        <property name="java.vm.specification.version" value="23"/>
        <property name="user.country" value="US"/>
        <property name="sun.java.launcher" value="SUN_STANDARD"/>
        <property name="sun.boot.library.path" value="/Applications/Apache NetBeans.app/Contents/Home/lib"/>
        <property name="sun.java.command" value="/Users/shubhijain/NetBeansProjects/db/PizzaShop/target/surefire/surefirebooter-20250308042749084_3.jar /Users/shubhijain/NetBeansProjects/db/PizzaShop/target/surefire 2025-03-08T04-27-49_051-jvmRun1 surefire-20250308042749084_1tmp surefire_0-20250308042749084_2tmp"/>
        <property name="http.nonProxyHosts" value="local|*.local|169.254/16|*.169.254/16"/>
        <property name="jdk.debug" value="release"/>
        <property name="surefire.test.class.path" value="/Users/shubhijain/NetBeansProjects/db/PizzaShop/target/test-classes:/Users/shubhijain/NetBeansProjects/db/PizzaShop/target/classes:/Users/shubhijain/.m2/repository/org/junit/jupiter/junit-jupiter-api/5.10.3/junit-jupiter-api-5.10.3.jar:/Users/shubhijain/.m2/repository/org/opentest4j/opentest4j/1.3.0/opentest4j-1.3.0.jar:/Users/shubhijain/.m2/repository/org/junit/platform/junit-platform-commons/1.10.3/junit-platform-commons-1.10.3.jar:/Users/shubhijain/.m2/repository/org/apiguardian/apiguardian-api/1.1.2/apiguardian-api-1.1.2.jar:/Users/shubhijain/.m2/repository/org/junit/jupiter/junit-jupiter-engine/5.10.3/junit-jupiter-engine-5.10.3.jar:/Users/shubhijain/.m2/repository/org/junit/platform/junit-platform-engine/1.10.3/junit-platform-engine-1.10.3.jar:/Users/shubhijain/.m2/repository/org/junit/jupiter/junit-jupiter-params/5.10.3/junit-jupiter-params-5.10.3.jar:/Users/shubhijain/.m2/repository/mysql/mysql-connector-java/9.2.0/mysql-connector-java-9.2.0.jar:/Users/shubhijain/.m2/repository/org/mockito/mockito-core/2.2.5/mockito-core-2.2.5.jar:/Users/shubhijain/.m2/repository/net/bytebuddy/byte-buddy/1.4.33/byte-buddy-1.4.33.jar:/Users/shubhijain/.m2/repository/net/bytebuddy/byte-buddy-agent/1.4.33/byte-buddy-agent-1.4.33.jar:/Users/shubhijain/.m2/repository/org/objenesis/objenesis/2.4/objenesis-2.4.jar:/Users/shubhijain/.m2/repository/com/h2database/h2/2.2.224/h2-2.2.224.jar:"/>
        <property name="sun.cpu.endian" value="little"/>
        <property name="user.home" value="/Users/shubhijain"/>
        <property name="user.language" value="en"/>
        <property name="java.specification.vendor" value="Oracle Corporation"/>
        <property name="java.version.date" value="2025-01-21"/>
        <property name="java.home" value="/Applications/Apache NetBeans.app/Contents/Home"/>
        <property name="file.separator" value="/"/>
        <property name="basedir" value="/Users/shubhijain/NetBeansProjects/db/PizzaShop"/>
        <property name="java.vm.compressedOopsMode" value="Zero based"/>
        <property name="line.separator" value="&#10;"/>
        <property name="java.vm.specification.vendor" value="Oracle Corporation"/>
        <property name="java.specification.name" value="Java Platform API Specification"/>
        <property name="apple.awt.application.name" value="ForkedBooter"/>
        <property name="surefire.real.class.path" value="/Users/shubhijain/NetBeansProjects/db/PizzaShop/target/surefire/surefirebooter-20250308042749084_3.jar"/>
        <property name="sun.management.compiler" value="HotSpot 64-Bit Tiered Compilers"/>
        <property name="ftp.nonProxyHosts" value="local|*.local|169.254/16|*.169.254/16"/>
        <property name="java.runtime.version" value="23.0.2+7"/>
        <property name="user.name" value="shubhijain"/>
        <property name="stdout.encoding" value="UTF-8"/>
        <property name="path.separator" value=":"/>
        <property name="os.version" value="15.3.1"/>
        <property name="java.runtime.name" value="OpenJDK Runtime Environment"/>
        <property name="file.encoding" value="UTF-8"/>
        <property name="java.vm.name" value="OpenJDK 64-Bit Server VM"/>
        <property name="java.vendor.version" value="Zulu23.32+11-CA"/>
        <property name="maven.ext.class.path" value="/Applications/Apache NetBeans.app/Contents/Resources/netbeans/java/maven-nblib/netbeans-eventspy.jar"/>
        <property name="localRepository" value="/Users/shubhijain/.m2/repository"/>
        <property name="java.vendor.url.bug" value="http://www.azul.com/support/"/>
        <property name="java.io.tmpdir" value="/var/folders/nr/shcy5f113_17q1zx8xb_rt2w0000gn/T/"/>
        <property name="java.version" value="23.0.2"/>
        <property name="user.dir" value="/Users/shubhijain/NetBeansProjects/db/PizzaShop"/>
        <property name="os.arch" value="aarch64"/>
        <property name="java.vm.specification.name" value="Java Virtual Machine Specification"/>
        <property name="native.encoding" value="UTF-8"/>
        <property name="java.library.path" value="/Users/shubhijain/Library/Java/Extensions:/Library/Java/Extensions:/Network/Library/Java/Extensions:/System/Library/Java/Extensions:/usr/lib/java:."/>
        <property name="java.vm.info" value="mixed mode, sharing"/>
        <property name="stderr.encoding" value="UTF-8"/>
        <property name="java.vendor" value="Azul Systems, Inc."/>
        <property name="java.vm.version" value="23.0.2+7"/>
        <property name="sun.io.unicode.encoding" value="UnicodeBig"/>
        <property name="socksNonProxyHosts" value="local|*.local|169.254/16|*.169.254/16"/>
        <property name="java.class.version" value="67.0"/>
    </properties>
    <testcase name="testGetFullMenu" classname="service.PizzaServiceTest" time="0.8">
        <failure message="expected: &lt;null&gt; but was: &lt;[Pizza{pizzaId=1, name=&apos;Margherita&apos;, description=&apos;Classic cheese and tomato sauce&apos;, smallPrice=10.00, mediumPrice=12.00, largePrice=14.00, extraLargePrice=16.00}, Pizza{pizzaId=2, name=&apos;Pepperoni&apos;, description=&apos;Cheese, tomato sauce, pepperoni&apos;, smallPrice=11.00, mediumPrice=13.00, largePrice=15.00, extraLargePrice=17.00}, Pizza{pizzaId=3, name=&apos;BBQ Chicken&apos;, description=&apos;BBQ sauce, grilled chicken, cheese&apos;, smallPrice=12.00, mediumPrice=14.00, largePrice=16.00, extraLargePrice=18.00}, Pizza{pizzaId=5, name=&apos;Veggie Delight&apos;, description=&apos;Tomato sauce, cheese, bell peppers, onions, mushrooms, olives&apos;, smallPrice=9.00, mediumPrice=11.00, largePrice=13.00, extraLargePrice=15.00}, Pizza{pizzaId=6, name=&apos;Meat Lovers&apos;, description=&apos;Tomato sauce, cheese, pepperoni, sausage, bacon, ham, beef&apos;, smallPrice=13.00, mediumPrice=15.00, largePrice=17.00, extraLargePrice=19.00}, Pizza{pizzaId=24, name=&apos;Hawaiian&apos;, description=&apos;Tomato sauce, cheese, ham, pineapple&apos;, smallPrice=11.00, mediumPrice=13.00, largePrice=15.00, extraLargePrice=17.00}, Pizza{pizzaId=25, name=&apos;Buffalo Chicken&apos;, description=&apos;Buffalo sauce, grilled chicken, cheese&apos;, smallPrice=12.00, mediumPrice=14.00, largePrice=16.00, extraLargePrice=18.00}, Pizza{pizzaId=26, name=&apos;Mushroom Delight&apos;, description=&apos;Tomato sauce, cheese, mushrooms, garlic&apos;, smallPrice=10.00, mediumPrice=12.00, largePrice=14.00, extraLargePrice=16.00}, Pizza{pizzaId=27, name=&apos;Supreme&apos;, description=&apos;Tomato sauce, cheese, pepperoni, sausage, onions, mushrooms, bell peppers&apos;, smallPrice=13.00, mediumPrice=15.00, largePrice=17.00, extraLargePrice=19.00}, Pizza{pizzaId=28, name=&apos;White Pizza&apos;, description=&apos;Olive oil, garlic, ricotta, mozzarella, parmesan&apos;, smallPrice=10.00, mediumPrice=12.00, largePrice=14.00, extraLargePrice=16.00}]&gt;" type="org.opentest4j.AssertionFailedError"><![CDATA[org.opentest4j.AssertionFailedError: expected: <null> but was: <[Pizza{pizzaId=1, name='Margherita', description='Classic cheese and tomato sauce', smallPrice=10.00, mediumPrice=12.00, largePrice=14.00, extraLargePrice=16.00}, Pizza{pizzaId=2, name='Pepperoni', description='Cheese, tomato sauce, pepperoni', smallPrice=11.00, mediumPrice=13.00, largePrice=15.00, extraLargePrice=17.00}, Pizza{pizzaId=3, name='BBQ Chicken', description='BBQ sauce, grilled chicken, cheese', smallPrice=12.00, mediumPrice=14.00, largePrice=16.00, extraLargePrice=18.00}, Pizza{pizzaId=5, name='Veggie Delight', description='Tomato sauce, cheese, bell peppers, onions, mushrooms, olives', smallPrice=9.00, mediumPrice=11.00, largePrice=13.00, extraLargePrice=15.00}, Pizza{pizzaId=6, name='Meat Lovers', description='Tomato sauce, cheese, pepperoni, sausage, bacon, ham, beef', smallPrice=13.00, mediumPrice=15.00, largePrice=17.00, extraLargePrice=19.00}, Pizza{pizzaId=24, name='Hawaiian', description='Tomato sauce, cheese, ham, pineapple', smallPrice=11.00, mediumPrice=13.00, largePrice=15.00, extraLargePrice=17.00}, Pizza{pizzaId=25, name='Buffalo Chicken', description='Buffalo sauce, grilled chicken, cheese', smallPrice=12.00, mediumPrice=14.00, largePrice=16.00, extraLargePrice=18.00}, Pizza{pizzaId=26, name='Mushroom Delight', description='Tomato sauce, cheese, mushrooms, garlic', smallPrice=10.00, mediumPrice=12.00, largePrice=14.00, extraLargePrice=16.00}, Pizza{pizzaId=27, name='Supreme', description='Tomato sauce, cheese, pepperoni, sausage, onions, mushrooms, bell peppers', smallPrice=13.00, mediumPrice=15.00, largePrice=17.00, extraLargePrice=19.00}, Pizza{pizzaId=28, name='White Pizza', description='Olive oil, garlic, ricotta, mozzarella, parmesan', smallPrice=10.00, mediumPrice=12.00, largePrice=14.00, extraLargePrice=16.00}]>
	at org.junit.jupiter.api.AssertionFailureBuilder.build(AssertionFailureBuilder.java:151)
	at org.junit.jupiter.api.AssertionFailureBuilder.buildAndThrow(AssertionFailureBuilder.java:132)
	at org.junit.jupiter.api.AssertEquals.failNotEqual(AssertEquals.java:197)
	at org.junit.jupiter.api.AssertEquals.assertEquals(AssertEquals.java:182)
	at org.junit.jupiter.api.AssertEquals.assertEquals(AssertEquals.java:177)
	at org.junit.jupiter.api.Assertions.assertEquals(Assertions.java:1145)
	at service.PizzaServiceTest.testGetFullMenu(PizzaServiceTest.java:50)
	at java.base/java.lang.reflect.Method.invoke(Method.java:580)
	at java.base/java.util.ArrayList.forEach(ArrayList.java:1597)
	at java.base/java.util.ArrayList.forEach(ArrayList.java:1597)
]]></failure>
        <system-out><![CDATA[getFullMenu
]]></system-out>
    </testcase>
    <testcase name="testGetPizzaNames" classname="service.PizzaServiceTest" time="0.796">
        <failure message="expected: &lt;null&gt; but was: &lt;[Margherita, Pepperoni, BBQ Chicken, Veggie Delight, Meat Lovers, Hawaiian, Buffalo Chicken, Mushroom Delight, Supreme, White Pizza]&gt;" type="org.opentest4j.AssertionFailedError"><![CDATA[org.opentest4j.AssertionFailedError: expected: <null> but was: <[Margherita, Pepperoni, BBQ Chicken, Veggie Delight, Meat Lovers, Hawaiian, Buffalo Chicken, Mushroom Delight, Supreme, White Pizza]>
	at org.junit.jupiter.api.AssertionFailureBuilder.build(AssertionFailureBuilder.java:151)
	at org.junit.jupiter.api.AssertionFailureBuilder.buildAndThrow(AssertionFailureBuilder.java:132)
	at org.junit.jupiter.api.AssertEquals.failNotEqual(AssertEquals.java:197)
	at org.junit.jupiter.api.AssertEquals.assertEquals(AssertEquals.java:182)
	at org.junit.jupiter.api.AssertEquals.assertEquals(AssertEquals.java:177)
	at org.junit.jupiter.api.Assertions.assertEquals(Assertions.java:1145)
	at service.PizzaServiceTest.testGetPizzaNames(PizzaServiceTest.java:64)
	at java.base/java.lang.reflect.Method.invoke(Method.java:580)
	at java.base/java.util.ArrayList.forEach(ArrayList.java:1597)
	at java.base/java.util.ArrayList.forEach(ArrayList.java:1597)
]]></failure>
        <system-out><![CDATA[getPizzaNames
]]></system-out>
    </testcase>
</testsuite>